<?xml version="1.0" encoding="UTF-8"?>
<!-- Generated by org.testng.reporters.JUnitReportReporter -->
<testsuite hostname="ATMECSINLT-087" failures="0" tests="3" name="com.tutorialsninjaandheatclinic.TutorialsninjaAndHeatclinicAutomation.testscripts.TutorialsNinjaFunctionalityValidation" time="46.498" errors="0" timestamp="14 Nov 2019 10:30:34 GMT" skipped="0">
  <testcase classname="com.tutorialsninjaandheatclinic.TutorialsninjaAndHeatclinicAutomation.testscripts.TutorialsNinjaFunctionalityValidation" name="tutorialsNinjaHomePageValidation" time="0.055"/>
  <testcase classname="com.tutorialsninjaandheatclinic.TutorialsninjaAndHeatclinicAutomation.testscripts.TutorialsNinjaFunctionalityValidation" name="tutorialsNinjaProductValidation" time="38.436"/>
  <testcase classname="com.tutorialsninjaandheatclinic.TutorialsninjaAndHeatclinicAutomation.testscripts.TutorialsNinjaFunctionalityValidation" name="cartValidation" time="8.007"/>
</testsuite> <!-- com.tutorialsninjaandheatclinic.TutorialsninjaAndHeatclinicAutomation.testscripts.TutorialsNinjaFunctionalityValidation -->
